# JRE version: Java(TM) SE Runtime Environment (23.0+37) (build 23+37-2369)
# Java VM: Java HotSpot(TM) 64-Bit Server VM (23+37-2369, mixed mode, sharing, tiered, compressed oops, compressed class ptrs, g1 gc, windows-amd64)
GC Precious Log:
 CardTable entry size: 512
 Card Set container configuration: InlinePtr #cards 5 size 8 Array Of Cards #cards 10 size 36 Howl #buckets 4 coarsen threshold 1843 Howl Bitmap #cards 512 size 80 coarsen threshold 460 Card regions per heap region 1 cards per card region 2048
 CPUs: 6 total, 6 available
 Memory: 7834M
 Large Page Support: Disabled
 NUMA Support: Disabled
 Compressed Oops: Enabled (32-bit)
 Heap Region Size: 1M
 Heap Min Capacity: 8M
 Heap Initial Capacity: 124M
 Heap Max Capacity: 1960M
 Pre-touch: Disabled
 Parallel Workers: 6
 Concurrent Workers: 2
 Concurrent Refinement Workers: 6
 Periodic GC: Disabled
Heap:
 garbage-first heap   total reserved 2007040K, committed 192512K, used 52527K [0x0000000085800000, 0x0000000100000000)
  region size 1024K, 1 young (1024K), 1 survivors (1024K)
 Metaspace       used 16262K, committed 16448K, reserved 1114112K
  class space    used 1564K, committed 1664K, reserved 1048576K
GC Heap History (20 events):
Event: 6.416 GC heap after
{Heap after GC invocations=12 (full 0):
 garbage-first heap   total reserved 2007040K, committed 159744K, used 40936K [0x0000000085800000, 0x0000000100000000)
  region size 1024K, 3 young (3072K), 3 survivors (3072K)
 Metaspace       used 16243K, committed 16448K, reserved 1114112K
  class space    used 1564K, committed 1664K, reserved 1048576K
}
Event: 6.695 GC heap before
{Heap before GC invocations=12 (full 0):
 garbage-first heap   total reserved 2007040K, committed 159744K, used 59368K [0x0000000085800000, 0x0000000100000000)
  region size 1024K, 5 young (5120K), 3 survivors (3072K)
 Metaspace       used 16247K, committed 16448K, reserved 1114112K
  class space    used 1564K, committed 1664K, reserved 1048576K
}
Event: 6.698 GC heap after
{Heap after GC invocations=13 (full 0):
 garbage-first heap   total reserved 2007040K, committed 159744K, used 26457K [0x0000000085800000, 0x0000000100000000)
  region size 1024K, 3 young (3072K), 3 survivors (3072K)
 Metaspace       used 16247K, committed 16448K, reserved 1114112K
  class space    used 1564K, committed 1664K, reserved 1048576K
}
Event: 6.892 GC heap before
{Heap before GC invocations=13 (full 0):
 garbage-first heap   total reserved 2007040K, committed 159744K, used 73561K [0x0000000085800000, 0x0000000100000000)
  region size 1024K, 5 young (5120K), 3 survivors (3072K)
 Metaspace       used 16251K, committed 16448K, reserved 1114112K
  class space    used 1564K, committed 1664K, reserved 1048576K
}
Event: 6.896 GC heap after
{Heap after GC invocations=14 (full 0):
 garbage-first heap   total reserved 2007040K, committed 159744K, used 39916K [0x0000000085800000, 0x0000000100000000)
  region size 1024K, 3 young (3072K), 3 survivors (3072K)
 Metaspace       used 16251K, committed 16448K, reserved 1114112K
  class space    used 1564K, committed 1664K, reserved 1048576K
}
Event: 7.156 GC heap before
{Heap before GC invocations=14 (full 0):
 garbage-first heap   total reserved 2007040K, committed 159744K, used 72684K [0x0000000085800000, 0x0000000100000000)
  region size 1024K, 6 young (6144K), 3 survivors (3072K)
 Metaspace       used 16256K, committed 16448K, reserved 1114112K
  class space    used 1564K, committed 1664K, reserved 1048576K
}
Event: 7.160 GC heap after
{Heap after GC invocations=15 (full 0):
 garbage-first heap   total reserved 2007040K, committed 159744K, used 32748K [0x0000000085800000, 0x0000000100000000)
  region size 1024K, 3 young (3072K), 3 survivors (3072K)
 Metaspace       used 16256K, committed 16448K, reserved 1114112K
  class space    used 1564K, committed 1664K, reserved 1048576K
}
Event: 7.495 GC heap before
{Heap before GC invocations=15 (full 0):
 garbage-first heap   total reserved 2007040K, committed 159744K, used 60396K [0x0000000085800000, 0x0000000100000000)
  region size 1024K, 5 young (5120K), 3 survivors (3072K)
 Metaspace       used 16258K, committed 16448K, reserved 1114112K
  class space    used 1564K, committed 1664K, reserved 1048576K
}
Event: 7.499 GC heap after
{Heap after GC invocations=16 (full 0):
 garbage-first heap   total reserved 2007040K, committed 192512K, used 28990K [0x0000000085800000, 0x0000000100000000)
  region size 1024K, 3 young (3072K), 3 survivors (3072K)
 Metaspace       used 16258K, committed 16448K, reserved 1114112K
  class space    used 1564K, committed 1664K, reserved 1048576K
}
Event: 7.501 GC heap before
{Heap before GC invocations=16 (full 0):
 garbage-first heap   total reserved 2007040K, committed 192512K, used 65854K [0x0000000085800000, 0x0000000100000000)
  region size 1024K, 4 young (4096K), 3 survivors (3072K)
 Metaspace       used 16259K, committed 16448K, reserved 1114112K
  class space    used 1564K, committed 1664K, reserved 1048576K
}
Event: 7.505 GC heap after
{Heap after GC invocations=17 (full 0):
 garbage-first heap   total reserved 2007040K, committed 192512K, used 52485K [0x0000000085800000, 0x0000000100000000)
  region size 1024K, 3 young (3072K), 3 survivors (3072K)
 Metaspace       used 16259K, committed 16448K, reserved 1114112K
  class space    used 1564K, committed 1664K, reserved 1048576K
}
Event: 7.867 GC heap before
{Heap before GC invocations=17 (full 0):
 garbage-first heap   total reserved 2007040K, committed 192512K, used 89349K [0x0000000085800000, 0x0000000100000000)
  region size 1024K, 4 young (4096K), 3 survivors (3072K)
 Metaspace       used 16261K, committed 16448K, reserved 1114112K
  class space    used 1564K, committed 1664K, reserved 1048576K
}
Event: 7.873 GC heap after
{Heap after GC invocations=18 (full 0):
 garbage-first heap   total reserved 2007040K, committed 192512K, used 52449K [0x0000000085800000, 0x0000000100000000)
  region size 1024K, 2 young (2048K), 2 survivors (2048K)
 Metaspace       used 16261K, committed 16448K, reserved 1114112K
  class space    used 1564K, committed 1664K, reserved 1048576K
}
Event: 7.875 GC heap before
{Heap before GC invocations=18 (full 0):
 garbage-first heap   total reserved 2007040K, committed 192512K, used 89313K [0x0000000085800000, 0x0000000100000000)
  region size 1024K, 3 young (3072K), 2 survivors (2048K)
 Metaspace       used 16261K, committed 16448K, reserved 1114112K
  class space    used 1564K, committed 1664K, reserved 1048576K
}
Event: 7.879 GC heap after
{Heap after GC invocations=19 (full 0):
 garbage-first heap   total reserved 2007040K, committed 192512K, used 52464K [0x0000000085800000, 0x0000000100000000)
  region size 1024K, 2 young (2048K), 2 survivors (2048K)
 Metaspace       used 16261K, committed 16448K, reserved 1114112K
  class space    used 1564K, committed 1664K, reserved 1048576K
}
Event: 8.189 GC heap before
{Heap before GC invocations=19 (full 0):
 garbage-first heap   total reserved 2007040K, committed 192512K, used 89328K [0x0000000085800000, 0x0000000100000000)
  region size 1024K, 3 young (3072K), 2 survivors (2048K)
 Metaspace       used 16261K, committed 16448K, reserved 1114112K
  class space    used 1564K, committed 1664K, reserved 1048576K
}
Event: 8.192 GC heap after
{Heap after GC invocations=20 (full 0):
 garbage-first heap   total reserved 2007040K, committed 192512K, used 52628K [0x0000000085800000, 0x0000000100000000)
  region size 1024K, 1 young (1024K), 1 survivors (1024K)
 Metaspace       used 16261K, committed 16448K, reserved 1114112K
  class space    used 1564K, committed 1664K, reserved 1048576K
}
Event: 8.194 GC heap before
{Heap before GC invocations=20 (full 0):
 garbage-first heap   total reserved 2007040K, committed 192512K, used 89492K [0x0000000085800000, 0x0000000100000000)
  region size 1024K, 2 young (2048K), 1 survivors (1024K)
 Metaspace       used 16262K, committed 16448K, reserved 1114112K
  class space    used 1564K, committed 1664K, reserved 1048576K
}
Event: 8.196 GC heap after
{Heap after GC invocations=21 (full 0):
 garbage-first heap   total reserved 2007040K, committed 192512K, used 52567K [0x0000000085800000, 0x0000000100000000)
  region size 1024K, 1 young (1024K), 1 survivors (1024K)
 Metaspace       used 16262K, committed 16448K, reserved 1114112K
  class space    used 1564K, committed 1664K, reserved 1048576K
}
Event: 8.472 GC heap before
{Heap before GC invocations=21 (full 0):
 garbage-first heap   total reserved 2007040K, committed 192512K, used 89431K [0x0000000085800000, 0x0000000100000000)
  region size 1024K, 2 young (2048K), 1 survivors (1024K)
 Metaspace       used 16262K, committed 16448K, reserved 1114112K
  class space    used 1564K, committed 1664K, reserved 1048576K
}

